Build started 23/05/2019 11:27:51 م.
     1>Project "D:\COLLEGE\all_college_projects\waslni\waslni\waslni.vcxproj" on node 2 (Build target(s)).
     1>ClCompile:
         C:\Program Files (x86)\Microsoft Visual Studio 11.0\VC\bin\CL.exe /c /ZI /nologo /W3 /WX- /Od /Oy- /D WIN32 /D _DEBUG /D _CONSOLE /D _UNICODE /D UNICODE /Gm /EHsc /RTC1 /MDd /GS /fp:precise /Zc:wchar_t /Zc:forScope /Fo"Debug\\" /Fd"Debug\vc110.pdb" /Gd /TP /analyze- /errorReport:prompt inorder.cpp mini.cpp
         mini.cpp
     1>d:\college\all_college_projects\waslni\waslni\mini.cpp(65): warning C4018: '<' : signed/unsigned mismatch
     1>d:\college\all_college_projects\waslni\waslni\mini.cpp(67): warning C4018: '<' : signed/unsigned mismatch
     1>d:\college\all_college_projects\waslni\waslni\mini.cpp(83): warning C4018: '<' : signed/unsigned mismatch
     1>d:\college\all_college_projects\waslni\waslni\mini.cpp(97): warning C4244: '=' : conversion from 'double' to 'int', possible loss of data
         inorder.cpp
     1>d:\college\all_college_projects\waslni\waslni\mini.cpp(65): warning C4018: '<' : signed/unsigned mismatch
     1>d:\college\all_college_projects\waslni\waslni\mini.cpp(67): warning C4018: '<' : signed/unsigned mismatch
     1>d:\college\all_college_projects\waslni\waslni\mini.cpp(83): warning C4018: '<' : signed/unsigned mismatch
     1>d:\college\all_college_projects\waslni\waslni\mini.cpp(97): warning C4244: '=' : conversion from 'double' to 'int', possible loss of data
     1>d:\college\all_college_projects\waslni\waslni\inorder.cpp(76): warning C4018: '<' : signed/unsigned mismatch
     1>d:\college\all_college_projects\waslni\waslni\inorder.cpp(116): warning C4018: '<' : signed/unsigned mismatch
     1>d:\college\all_college_projects\waslni\waslni\inorder.cpp(152): warning C4018: '<' : signed/unsigned mismatch
     1>d:\college\all_college_projects\waslni\waslni\inorder.cpp(186): warning C4018: '<' : signed/unsigned mismatch
     1>d:\college\all_college_projects\waslni\waslni\inorder.cpp(210): warning C4018: '<' : signed/unsigned mismatch
         Generating Code...
       Link:
         C:\Program Files (x86)\Microsoft Visual Studio 11.0\VC\bin\link.exe /ERRORREPORT:PROMPT /OUT:"D:\COLLEGE\all_college_projects\waslni\Debug\waslni.exe" /INCREMENTAL /NOLOGO kernel32.lib user32.lib gdi32.lib winspool.lib comdlg32.lib advapi32.lib shell32.lib ole32.lib oleaut32.lib uuid.lib odbc32.lib odbccp32.lib /MANIFEST /MANIFESTUAC:"level='asInvoker' uiAccess='false'" /manifest:embed /DEBUG /PDB:"D:\COLLEGE\all_college_projects\waslni\Debug\waslni.pdb" /SUBSYSTEM:CONSOLE /TLBID:1 /DYNAMICBASE /NXCOMPAT /IMPLIB:"D:\COLLEGE\all_college_projects\waslni\Debug\waslni.lib" /MACHINE:X86 Debug\inorder.obj
         Debug\mini.obj
     1>mini.obj : error LNK2005: "public: __thiscall best::best(void)" (??0best@@QAE@XZ) already defined in inorder.obj
     1>mini.obj : error LNK2005: "public: __thiscall mini::mini(void)" (??0mini@@QAE@XZ) already defined in inorder.obj
     1>mini.obj : error LNK2005: "public: __thiscall mini::~mini(void)" (??1mini@@QAE@XZ) already defined in inorder.obj
     1>mini.obj : error LNK2005: "public: void __thiscall mini::display(void)" (?display@mini@@QAEXXZ) already defined in inorder.obj
     1>mini.obj : error LNK2005: "public: void __thiscall mini::graph(class std::unordered_map<class std::basic_string<char,struct std::char_traits<char>,class std::allocator<char> >,class std::vector<struct std::pair<class std::basic_string<char,struct std::char_traits<char>,class std::allocator<char> >,double>,class std::allocator<struct std::pair<class std::basic_string<char,struct std::char_traits<char>,class std::allocator<char> >,double> > >,struct std::hash<class std::basic_string<char,struct std::char_traits<char>,class std::allocator<char> > >,struct std::equal_to<class std::basic_string<char,struct std::char_traits<char>,class std::allocator<char> > >,class std::allocator<struct std::pair<class std::basic_string<char,struct std::char_traits<char>,class std::allocator<char> > const ,class std::vector<struct std::pair<class std::basic_string<char,struct std::char_traits<char>,class std::allocator<char> >,double>,class std::allocator<struct std::pair<class std::basic_string<char,struct std::char_traits<char>,class std::allocator<char> >,double> > > > > >)" (?graph@mini@@QAEXV?$unordered_map@V?$basic_string@DU?$char_traits@D@std@@V?$allocator@D@2@@std@@V?$vector@U?$pair@V?$basic_string@DU?$char_traits@D@std@@V?$allocator@D@2@@std@@N@std@@V?$allocator@U?$pair@V?$basic_string@DU?$char_traits@D@std@@V?$allocator@D@2@@std@@N@std@@@2@@2@U?$hash@V?$basic_string@DU?$char_traits@D@std@@V?$allocator@D@2@@std@@@2@U?$equal_to@V?$basic_string@DU?$char_traits@D@std@@V?$allocator@D@2@@std@@@2@V?$allocator@U?$pair@$$CBV?$basic_string@DU?$char_traits@D@std@@V?$allocator@D@2@@std@@V?$vector@U?$pair@V?$basic_string@DU?$char_traits@D@std@@V?$allocator@D@2@@std@@N@std@@V?$allocator@U?$pair@V?$basic_string@DU?$char_traits@D@std@@V?$allocator@D@2@@std@@N@std@@@2@@2@@std@@@2@@std@@@Z) already defined in inorder.obj
     1>mini.obj : error LNK2005: "public: class std::unordered_map<class std::basic_string<char,struct std::char_traits<char>,class std::allocator<char> >,class std::vector<struct std::pair<class std::basic_string<char,struct std::char_traits<char>,class std::allocator<char> >,double>,class std::allocator<struct std::pair<class std::basic_string<char,struct std::char_traits<char>,class std::allocator<char> >,double> > >,struct std::hash<class std::basic_string<char,struct std::char_traits<char>,class std::allocator<char> > >,struct std::equal_to<class std::basic_string<char,struct std::char_traits<char>,class std::allocator<char> > >,class std::allocator<struct std::pair<class std::basic_string<char,struct std::char_traits<char>,class std::allocator<char> > const ,class std::vector<struct std::pair<class std::basic_string<char,struct std::char_traits<char>,class std::allocator<char> >,double>,class std::allocator<struct std::pair<class std::basic_string<char,struct std::char_traits<char>,class std::allocator<char> >,double> > > > > > __thiscall mini::input(void)" (?input@mini@@QAE?AV?$unordered_map@V?$basic_string@DU?$char_traits@D@std@@V?$allocator@D@2@@std@@V?$vector@U?$pair@V?$basic_string@DU?$char_traits@D@std@@V?$allocator@D@2@@std@@N@std@@V?$allocator@U?$pair@V?$basic_string@DU?$char_traits@D@std@@V?$allocator@D@2@@std@@N@std@@@2@@2@U?$hash@V?$basic_string@DU?$char_traits@D@std@@V?$allocator@D@2@@std@@@2@U?$equal_to@V?$basic_string@DU?$char_traits@D@std@@V?$allocator@D@2@@std@@@2@V?$allocator@U?$pair@$$CBV?$basic_string@DU?$char_traits@D@std@@V?$allocator@D@2@@std@@V?$vector@U?$pair@V?$basic_string@DU?$char_traits@D@std@@V?$allocator@D@2@@std@@N@std@@V?$allocator@U?$pair@V?$basic_string@DU?$char_traits@D@std@@V?$allocator@D@2@@std@@N@std@@@2@@2@@std@@@2@@std@@XZ) already defined in inorder.obj
     1>mini.obj : error LNK2005: "public: void __thiscall mini::output(class std::basic_string<char,struct std::char_traits<char>,class std::allocator<char> >)" (?output@mini@@QAEXV?$basic_string@DU?$char_traits@D@std@@V?$allocator@D@2@@std@@@Z) already defined in inorder.obj
     1>MSVCRTD.lib(crtexe.obj) : error LNK2019: unresolved external symbol _main referenced in function ___tmainCRTStartup
     1>D:\COLLEGE\all_college_projects\waslni\Debug\waslni.exe : fatal error LNK1120: 1 unresolved externals
     1>Done Building Project "D:\COLLEGE\all_college_projects\waslni\waslni\waslni.vcxproj" (Build target(s)) -- FAILED.

Build FAILED.

Time Elapsed 00:00:08.84
